<?xml version="1.0" encoding="UTF-8" ?>
<testsuite tests="1" failures="0" errors="0" skipped="0" time="0.002" name="module 'ssam_message_topic'">
  <testcase time="0.000" name="ssam_message_topic:tests/0_0" description="test"/>
</testsuite>
