<?xml version="1.0" encoding="UTF-8" ?>
<testsuite tests="1" failures="0" errors="0" skipped="0" time="0.003" name="module 'ssam_worker'">
  <testcase time="0.000" name="ssam_worker:tests/1_0" description="test"/>
</testsuite>
