<?xml version="1.0" encoding="UTF-8" ?>
<testsuite tests="1" failures="0" errors="0" skipped="0" time="0.003" name="module 'ssam_telephony'">
  <testcase time="0.000" name="ssam_telephony:get_account_sid_test_/0_0" description="ok"/>
</testsuite>
